#
# There is insufficient memory for the Java Runtime Environment to continue.
# Native memory allocation (mmap) failed to map 503316480 bytes for Failed to commit area from 0x0000000620e00000 to 0x000000063ee00000 of length 503316480.
# Possible reasons:
#   The system is out of physical RAM or swap space
#   The process is running with CompressedOops enabled, and the Java Heap may be blocking the growth of the native heap
# Possible solutions:
#   Reduce memory load on the system
#   Increase physical memory or swap space
#   Check if swap backing store is full
#   Decrease Java heap size (-Xmx/-Xms)
#   Decrease number of Java threads
#   Decrease Java thread stack sizes (-Xss)
#   Set larger code cache with -XX:ReservedCodeCacheSize=
# This output file may be truncated or incomplete.
#
#  Out of Memory Error (t:/workspace/open/src/hotspot/os/windows/os_windows.cpp:3301), pid=14308, tid=28240
#
# JRE version:  (13.0+33) (build )
# Java VM: OpenJDK 64-Bit Server VM (13+33, mixed mode, aot, sharing, tiered, compressed oops, g1 gc, windows-amd64)
# No core dump will be written. Minidumps are not enabled by default on client versions of Windows
#

---------------  S U M M A R Y ------------

Command Line: C:\Users\Asus\AppData\Local\Temp\surefire12536414604685854588\surefirebooter16354189080075496328.jar C:\Users\Asus\AppData\Local\Temp\surefire12536414604685854588 2022-04-26T12-21-45_812-jvmRun1 surefire8592124679021834225tmp surefire_016841641984200369693tmp

Host: AMD Ryzen 5 3550H with Radeon Vega Mobile Gfx  , 8 cores, 29G,  Windows 10 , 64 bit Build 19041 (10.0.19041.1566)
Time: Tue Apr 26 12:21:47 2022 Pakistan Standard Time elapsed time: 0 seconds (0d 0h 0m 0s)

---------------  T H R E A D  ---------------

Current thread (0x000002d48d702800):  JavaThread "Unknown thread" [_thread_in_vm, id=28240, stack(0x000000f65df00000,0x000000f65e000000)]

Stack: [0x000000f65df00000,0x000000f65e000000]
Native frames: (J=compiled Java code, j=interpreted, Vv=VM code, C=native code)
V  [jvm.dll+0x626eaa]
V  [jvm.dll+0x772c4a]
V  [jvm.dll+0x7743ff]
V  [jvm.dll+0x774a03]
V  [jvm.dll+0x24da38]
V  [jvm.dll+0x62436a]
V  [jvm.dll+0x618f55]
V  [jvm.dll+0x30c5fc]
V  [jvm.dll+0x30c432]
V  [jvm.dll+0x311ba6]
V  [jvm.dll+0x355cc6]
V  [jvm.dll+0x3554a0]
V  [jvm.dll+0x2e727a]
V  [jvm.dll+0x2e8512]
V  [jvm.dll+0x74fcb8]
V  [jvm.dll+0x363719]
V  [jvm.dll+0x732da5]
V  [jvm.dll+0x3ce2cf]
V  [jvm.dll+0x3d05f1]
C  [jli.dll+0x51ff]
C  [ucrtbase.dll+0x21bb2]
C  [KERNEL32.DLL+0x17034]
C  [ntdll.dll+0x52651]


---------------  P R O C E S S  ---------------

Threads class SMR info:
_java_thread_list=0x00007ffbb7dc46b8, length=0, elements={
}

Java Threads: ( => current thread )

Other Threads:
  0x000002d48d7ad800 GCTaskThread "GC Thread#0" [stack: 0x000000f65e000000,0x000000f65e100000] [id=31836]
  0x000002d4b6eee000 ConcurrentGCThread "G1 Main Marker" [stack: 0x000000f65e100000,0x000000f65e200000] [id=33572]
  0x000002d48d7d1000 ConcurrentGCThread "G1 Conc#0" [stack: 0x000000f65e200000,0x000000f65e300000] [id=29192]

[error occurred during error reporting (printing all threads), id 0xc0000005, EXCEPTION_ACCESS_VIOLATION (0xc0000005) at pc=0x00007ffbb75f6f47]

VM state:not at safepoint (not fully initialized)

VM Mutex/Monitor currently owned by a thread:  ([mutex/lock_event])
[0x000002d48d6fe810] Heap_lock - owner thread: 0x000002d48d702800

Heap address: 0x0000000620e00000, size: 7666 MB, Compressed Oops mode: Non-zero based: 0x0000000620e00000
Narrow klass base: 0x0000000000000000, Narrow klass shift: 0

GC Heap History (0 events):
No events

Deoptimization events (0 events):
No events

Classes unloaded (0 events):
No events

Classes redefined (0 events):
No events

Internal exceptions (0 events):
No events

Events (8 events):
Event: 0.018 Loaded shared library C:\Java\jdk-13\bin\zip.dll
Event: 0.019 Loaded shared library C:\Java\jdk-13\bin\jimage.dll
Event: 0.022 Loading shared library C:\Java\jdk-13\lib\libjava.base-coop.dll failed, error code 126
Event: 0.022 Loading shared library C:\Java\jdk-13\lib\libjava.logging-coop.dll failed, error code 126
Event: 0.022 Loading shared library C:\Java\jdk-13\lib\libjdk.compiler-coop.dll failed, error code 126
Event: 0.022 Loading shared library C:\Java\jdk-13\lib\libjdk.scripting.nashorn-coop.dll failed, error code 126
Event: 0.022 Loading shared library C:\Java\jdk-13\lib\libjdk.internal.vm.ci-coop.dll failed, error code 126
Event: 0.023 Loading shared library C:\Java\jdk-13\lib\libjdk.internal.vm.compiler-coop.dll failed, error code 126


Dynamic libraries:
0x00007ff689e70000 - 0x00007ff689e7d000 	C:\Java\jdk-13\bin\java.exe
0x00007ffc1eb90000 - 0x00007ffc1ed85000 	C:\WINDOWS\SYSTEM32\ntdll.dll
0x00007ffc1e610000 - 0x00007ffc1e6ce000 	C:\WINDOWS\System32\KERNEL32.DLL
0x00007ffc1c8f0000 - 0x00007ffc1cbb8000 	C:\WINDOWS\System32\KERNELBASE.dll
0x00007ffc18980000 - 0x00007ffc18a10000 	C:\WINDOWS\SYSTEM32\apphelp.dll
0x00007ffc1c7f0000 - 0x00007ffc1c8f0000 	C:\WINDOWS\System32\ucrtbase.dll
0x00007ffc13a60000 - 0x00007ffc13a75000 	C:\Java\jdk-13\bin\VCRUNTIME140.dll
0x00007ffc13a80000 - 0x00007ffc13a98000 	C:\Java\jdk-13\bin\jli.dll
0x00007ffc1e770000 - 0x00007ffc1e910000 	C:\WINDOWS\System32\USER32.dll
0x00007ffc0e3b0000 - 0x00007ffc0e64a000 	C:\WINDOWS\WinSxS\amd64_microsoft.windows.common-controls_6595b64144ccf1df_6.0.19041.1110_none_60b5254171f9507e\COMCTL32.dll
0x00007ffc1d7f0000 - 0x00007ffc1d88e000 	C:\WINDOWS\System32\msvcrt.dll
0x00007ffc1cbc0000 - 0x00007ffc1cbe2000 	C:\WINDOWS\System32\win32u.dll
0x00007ffc1e200000 - 0x00007ffc1e22b000 	C:\WINDOWS\System32\GDI32.dll
0x00007ffc1c2b0000 - 0x00007ffc1c3bb000 	C:\WINDOWS\System32\gdi32full.dll
0x00007ffc1c480000 - 0x00007ffc1c51d000 	C:\WINDOWS\System32\msvcp_win.dll
0x00007ffc1eb20000 - 0x00007ffc1eb50000 	C:\WINDOWS\System32\IMM32.DLL
0x00007ffc09da0000 - 0x00007ffc09e3b000 	C:\Java\jdk-13\bin\msvcp140.dll
0x00007ffbb7300000 - 0x00007ffbb7e66000 	C:\Java\jdk-13\bin\server\jvm.dll
0x00007ffc1ddf0000 - 0x00007ffc1de9e000 	C:\WINDOWS\System32\ADVAPI32.dll
0x00007ffc1e6d0000 - 0x00007ffc1e76c000 	C:\WINDOWS\System32\sechost.dll
0x00007ffc1ce20000 - 0x00007ffc1cf45000 	C:\WINDOWS\System32\RPCRT4.dll
0x00007ffc1d7e0000 - 0x00007ffc1d7e8000 	C:\WINDOWS\System32\PSAPI.DLL
0x00007ffc0f9f0000 - 0x00007ffc0f9f9000 	C:\WINDOWS\SYSTEM32\WSOCK32.dll
0x00007ffc11ea0000 - 0x00007ffc11ec7000 	C:\WINDOWS\SYSTEM32\WINMM.dll
0x00007ffc10f70000 - 0x00007ffc10f7a000 	C:\WINDOWS\SYSTEM32\VERSION.dll
0x00007ffc1cf50000 - 0x00007ffc1cfbb000 	C:\WINDOWS\System32\WS2_32.dll
0x00007ffc1a180000 - 0x00007ffc1a192000 	C:\WINDOWS\SYSTEM32\kernel.appcore.dll
0x00007ffc16820000 - 0x00007ffc16830000 	C:\Java\jdk-13\bin\verify.dll
0x00007ffc144f0000 - 0x00007ffc146d4000 	C:\WINDOWS\SYSTEM32\DBGHELP.DLL
0x00007ffc144c0000 - 0x00007ffc144ec000 	C:\WINDOWS\SYSTEM32\dbgcore.DLL
0x00007ffc1c520000 - 0x00007ffc1c5a2000 	C:\WINDOWS\System32\bcryptPrimitives.dll
0x00007ffc0bb30000 - 0x00007ffc0bb56000 	C:\Java\jdk-13\bin\java.dll
0x00007ffc11050000 - 0x00007ffc11067000 	C:\Java\jdk-13\bin\zip.dll
0x00007ffc13310000 - 0x00007ffc1331a000 	C:\Java\jdk-13\bin\jimage.dll

dbghelp: loaded successfully - version: 4.0.5 - missing functions: none
symbol engine: initialized successfully - sym options: 0x614 - pdb path: .;C:\Java\jdk-13\bin;C:\WINDOWS\SYSTEM32;C:\WINDOWS\WinSxS\amd64_microsoft.windows.common-controls_6595b64144ccf1df_6.0.19041.1110_none_60b5254171f9507e;C:\Java\jdk-13\bin\server

VM Arguments:
java_command: C:\Users\Asus\AppData\Local\Temp\surefire12536414604685854588\surefirebooter16354189080075496328.jar C:\Users\Asus\AppData\Local\Temp\surefire12536414604685854588 2022-04-26T12-21-45_812-jvmRun1 surefire8592124679021834225tmp surefire_016841641984200369693tmp
java_class_path (initial): C:\Users\Asus\AppData\Local\Temp\surefire12536414604685854588\surefirebooter16354189080075496328.jar
Launcher Type: SUN_STANDARD

[Global flags]
     intx CICompilerCount                          = 4                                         {product} {ergonomic}
     uint ConcGCThreads                            = 2                                         {product} {ergonomic}
     uint G1ConcRefinementThreads                  = 8                                         {product} {ergonomic}
   size_t G1HeapRegionSize                         = 1048576                                   {product} {ergonomic}
    uintx GCDrainStackTargetSize                   = 64                                        {product} {ergonomic}
   size_t InitialHeapSize                          = 503316480                                 {product} {ergonomic}
   size_t MarkStackSize                            = 4194304                                   {product} {ergonomic}
   size_t MaxHeapSize                              = 8038383616                                {product} {ergonomic}
   size_t MinHeapDeltaBytes                        = 1048576                                   {product} {ergonomic}
   size_t MinHeapSize                              = 8388608                                   {product} {ergonomic}
    uintx NonNMethodCodeHeapSize                   = 5836300                                {pd product} {ergonomic}
    uintx NonProfiledCodeHeapSize                  = 122910970                              {pd product} {ergonomic}
    uintx ProfiledCodeHeapSize                     = 122910970                              {pd product} {ergonomic}
    uintx ReservedCodeCacheSize                    = 251658240                              {pd product} {ergonomic}
     bool SegmentedCodeCache                       = true                                      {product} {ergonomic}
   size_t SoftMaxHeapSize                          = 8038383616                             {manageable} {ergonomic}
     bool UseCompressedClassPointers               = true                                 {lp64_product} {ergonomic}
     bool UseCompressedOops                        = true                                 {lp64_product} {ergonomic}
     bool UseG1GC                                  = true                                      {product} {ergonomic}
     bool UseLargePagesIndividualAllocation        = false                                  {pd product} {ergonomic}

Logging:
Log output configuration:
 #0: stdout all=warning uptime,level,tags
 #1: stderr all=off uptime,level,tags

Environment Variables:
JAVA_HOME=C:\Java\jdk-13
PATH=C:\Java\jdk-13\bin;C:\WINDOWS\system32;C:\WINDOWS;C:\WINDOWS\System32\Wbem;C:\WINDOWS\System32\WindowsPowerShell\v1.0\;C:\WINDOWS\System32\OpenSSH\;C:\Git\cmd;C:\Program Files (x86)\NetSarang\Xshell 7\;C:\Program Files\Microsoft VS Code\bin;C:\Program Files\Docker\Docker\resources\bin;C:\ProgramData\DockerDesktop\version-bin;C:\Program Files\nodejs\;C:\Program Files\MySQL\MySQL Server 8.0\bin;C:\Program Files\MySQL\MySQL Shell 8.0\bin\;C:\Users\Asus\AppData\Local\Microsoft\WindowsApps;C:\Users\Asus\AppData\Roaming\npm
USERNAME=Asus
OS=Windows_NT
PROCESSOR_IDENTIFIER=AMD64 Family 23 Model 24 Stepping 1, AuthenticAMD



---------------  S Y S T E M  ---------------

OS: Windows 10 , 64 bit Build 19041 (10.0.19041.1566)
HyperV virtualization detected

CPU:total 8 (initial active 8) (8 cores per cpu, 2 threads per core) family 23 model 24 stepping 1, cmov, cx8, fxsr, mmx, sse, sse2, sse3, ssse3, sse4.1, sse4.2, popcnt, avx, avx2, aes, clmul, mmxext, 3dnowpref, lzcnt, sse4a, ht, tsc, tscinvbit, tscinv, bmi1, bmi2, adx, sha, fma

Memory: 4k page, system-wide physical 30658M (5351M free)
TotalPageFile size 61066M (AvailPageFile size 443M)
current process WorkingSet (physical memory assigned to process): 11M, peak: 11M
current process commit charge ("private bytes"): 62M, peak: 542M

vm_info: OpenJDK 64-Bit Server VM (13+33) for windows-amd64 JRE (13+33), built on Aug  9 2019 11:21:18 by "mach5one" with unknown MS VC++:1916

END.
